fff2020-08-02 14:44:02.732  INFO 15848 --- [restartedMain] c.rabi.swagger.SpringSwaggerApplication  : Starting SpringSwaggerApplication on LAPTOP-3PARCRTL with PID 15848 (D:\WORKSAPCE\spring-boot-swagger\Spring-Swagger\target\classes started by rabi0 in D:\WORKSAPCE\spring-boot-swagger\Spring-Swagger)
2020-08-02 14:44:02.733  INFO 15848 --- [restartedMain] c.rabi.swagger.SpringSwaggerApplication  : No active profile set, falling back to default profiles: default
2020-08-02 14:44:02.772  INFO 15848 --- [restartedMain] .e.DevToolsPropertyDefaultsPostProcessor : Devtools property defaults active! Set 'spring.devtools.add-properties' to 'false' to disable
2020-08-02 14:44:02.772  INFO 15848 --- [restartedMain] .e.DevToolsPropertyDefaultsPostProcessor : For additional web related logging consider setting the 'logging.level.web' property to 'DEBUG'
2020-08-02 14:44:03.894  INFO 15848 --- [restartedMain] .s.d.r.c.RepositoryConfigurationDelegate : Bootstrapping Spring Data repositories in DEFAULT mode.
2020-08-02 14:44:04.005  INFO 15848 --- [restartedMain] .s.d.r.c.RepositoryConfigurationDelegate : Finished Spring Data repository scanning in 99ms. Found 8 repository interfaces.
2020-08-02 14:44:04.505  INFO 15848 --- [restartedMain] trationDelegate$BeanPostProcessorChecker : Bean 'org.springframework.transaction.annotation.ProxyTransactionManagementConfiguration' of type [org.springframework.transaction.annotation.ProxyTransactionManagementConfiguration$$EnhancerBySpringCGLIB$$7d899515] is not eligible for getting processed by all BeanPostProcessors (for example: not eligible for auto-proxying)
2020-08-02 14:44:05.235  INFO 15848 --- [restartedMain] o.s.b.w.embedded.tomcat.TomcatWebServer  : Tomcat initialized with port(s): 9300 (http)
2020-08-02 14:44:05.263  INFO 15848 --- [restartedMain] o.apache.catalina.core.StandardService   : Starting service [Tomcat]
2020-08-02 14:44:05.263  INFO 15848 --- [restartedMain] org.apache.catalina.core.StandardEngine  : Starting Servlet engine: [Apache Tomcat/9.0.17]
2020-08-02 14:44:05.363  INFO 15848 --- [restartedMain] o.a.c.c.C.[Tomcat].[localhost].[/]       : Initializing Spring embedded WebApplicationContext
2020-08-02 14:44:05.363  INFO 15848 --- [restartedMain] o.s.web.context.ContextLoader            : Root WebApplicationContext: initialization completed in 2591 ms
2020-08-02 14:44:05.493  INFO 15848 --- [restartedMain] com.zaxxer.hikari.HikariDataSource       : HikariPool-1 - Starting...
2020-08-02 14:44:05.654  INFO 15848 --- [restartedMain] com.zaxxer.hikari.HikariDataSource       : HikariPool-1 - Start completed.
2020-08-02 14:44:05.705  INFO 15848 --- [restartedMain] o.s.b.d.a.OptionalLiveReloadServer       : LiveReload server is running on port 35729
2020-08-02 14:44:05.843  INFO 15848 --- [restartedMain] o.hibernate.jpa.internal.util.LogHelper  : HHH000204: Processing PersistenceUnitInfo [
	name: default
	...]
2020-08-02 14:44:05.903  INFO 15848 --- [restartedMain] org.hibernate.Version                    : HHH000412: Hibernate Core {5.3.9.Final}
2020-08-02 14:44:05.903  INFO 15848 --- [restartedMain] org.hibernate.cfg.Environment            : HHH000206: hibernate.properties not found
2020-08-02 14:44:06.034  INFO 15848 --- [restartedMain] o.hibernate.annotations.common.Version   : HCANN000001: Hibernate Commons Annotations {5.0.4.Final}
2020-08-02 14:44:06.164  INFO 15848 --- [restartedMain] org.hibernate.dialect.Dialect            : HHH000400: Using dialect: org.hibernate.dialect.H2Dialect
2020-08-02 14:44:06.834  INFO 15848 --- [restartedMain] o.h.t.schema.internal.SchemaCreatorImpl  : HHH000476: Executing import script 'org.hibernate.tool.schema.internal.exec.ScriptSourceInputNonExistentImpl@6a3352f'
2020-08-02 14:44:06.843  INFO 15848 --- [restartedMain] j.LocalContainerEntityManagerFactoryBean : Initialized JPA EntityManagerFactory for persistence unit 'default'
2020-08-02 14:44:07.882  WARN 15848 --- [restartedMain] aWebConfiguration$JpaWebMvcConfiguration : spring.jpa.open-in-view is enabled by default. Therefore, database queries may be performed during view rendering. Explicitly configure spring.jpa.open-in-view to disable this warning
2020-08-02 14:44:08.214  INFO 15848 --- [restartedMain] o.s.s.concurrent.ThreadPoolTaskExecutor  : Initializing ExecutorService 'applicationTaskExecutor'
2020-08-02 14:44:08.483  INFO 15848 --- [restartedMain] d.s.w.p.DocumentationPluginsBootstrapper : Context refreshed
2020-08-02 14:44:08.503  INFO 15848 --- [restartedMain] d.s.w.p.DocumentationPluginsBootstrapper : Found 9 custom documentation plugin(s)
2020-08-02 14:44:08.519  INFO 15848 --- [restartedMain] s.d.s.w.s.ApiListingReferenceScanner     : Scanning for api listing references
2020-08-02 14:44:08.705  INFO 15848 --- [restartedMain] s.d.s.w.s.ApiListingReferenceScanner     : Scanning for api listing references
2020-08-02 14:44:08.746  INFO 15848 --- [restartedMain] s.d.s.w.s.ApiListingReferenceScanner     : Scanning for api listing references
2020-08-02 14:44:08.763  INFO 15848 --- [restartedMain] s.d.s.w.s.ApiListingReferenceScanner     : Scanning for api listing references
2020-08-02 14:44:08.775  INFO 15848 --- [restartedMain] s.d.s.w.s.ApiListingReferenceScanner     : Scanning for api listing references
2020-08-02 14:44:08.804  INFO 15848 --- [restartedMain] .d.s.w.r.o.CachingOperationNameGenerator : Generating unique operation named: saveReminderByUserIdUsingPOST_1
2020-08-02 14:44:08.816  INFO 15848 --- [restartedMain] s.d.s.w.s.ApiListingReferenceScanner     : Scanning for api listing references
2020-08-02 14:44:08.825  INFO 15848 --- [restartedMain] s.d.s.w.s.ApiListingReferenceScanner     : Scanning for api listing references
2020-08-02 14:44:08.843  INFO 15848 --- [restartedMain] s.d.s.w.s.ApiListingReferenceScanner     : Scanning for api listing references
2020-08-02 14:44:08.856  INFO 15848 --- [restartedMain] s.d.s.w.s.ApiListingReferenceScanner     : Scanning for api listing references
2020-08-02 14:44:08.922  INFO 15848 --- [restartedMain] o.s.b.w.embedded.tomcat.TomcatWebServer  : Tomcat started on port(s): 9300 (http) with context path ''
2020-08-02 14:44:08.925  INFO 15848 --- [restartedMain] c.rabi.swagger.SpringSwaggerApplication  : Started SpringSwaggerApplication in 6.522 seconds (JVM running for 6.923)
2020-08-02 14:53:13.470  INFO 15848 --- [http-nio-9300-exec-1] o.a.c.c.C.[Tomcat].[localhost].[/]       : Initializing Spring DispatcherServlet 'dispatcherServlet'
2020-08-02 14:53:13.470  INFO 15848 --- [http-nio-9300-exec-1] o.s.web.servlet.DispatcherServlet        : Initializing Servlet 'dispatcherServlet'
2020-08-02 14:53:13.482  INFO 15848 --- [http-nio-9300-exec-1] o.s.web.servlet.DispatcherServlet        : Completed initialization in 12 ms
2020-08-02 14:53:35.825  INFO 15848 --- [http-nio-9300-exec-3] c.r.swagger.aop.EmployeeServiceAspect    : Creating Employee with name - Jinat Aman and id - 15
2020-08-02 14:53:35.829  INFO 15848 --- [http-nio-9300-exec-3] c.r.swagger.aop.EmployeeServiceAspect    : Successfully created Employee with name - Jinat Aman and id - 15
2020-08-02 14:53:55.973  INFO 15848 --- [Thread-5] o.s.s.concurrent.ThreadPoolTaskExecutor  : Shutting down ExecutorService 'applicationTaskExecutor'
2020-08-02 14:53:55.983  INFO 15848 --- [Thread-5] j.LocalContainerEntityManagerFactoryBean : Closing JPA EntityManagerFactory for persistence unit 'default'
2020-08-02 14:53:55.983  INFO 15848 --- [Thread-5] .SchemaDropperImpl$DelayedDropActionImpl : HHH000477: Starting delayed evictData of schema as part of SessionFactory shut-down'
2020-08-02 14:53:56.002  INFO 15848 --- [Thread-5] o.s.b.f.support.DisposableBeanAdapter    : Invocation of destroy method failed on bean with name 'inMemoryDatabaseShutdownExecutor': org.h2.jdbc.JdbcSQLNonTransientConnectionException: Database is already closed (to disable automatic closing at VM shutdown, add ";DB_CLOSE_ON_EXIT=FALSE" to the db URL) [90121-199]
2020-08-02 14:53:56.002  INFO 15848 --- [Thread-5] com.zaxxer.hikari.HikariDataSource       : HikariPool-1 - Shutdown initiated...
2020-08-02 14:53:56.003  INFO 15848 --- [Thread-5] com.zaxxer.hikari.HikariDataSource       : HikariPool-1 - Shutdown completed.
2020-08-02 14:53:56.383  INFO 15848 --- [restartedMain] c.rabi.swagger.SpringSwaggerApplication  : Starting SpringSwaggerApplication on LAPTOP-3PARCRTL with PID 15848 (D:\WORKSAPCE\spring-boot-swagger\Spring-Swagger\target\classes started by rabi0 in D:\WORKSAPCE\spring-boot-swagger\Spring-Swagger)
2020-08-02 14:53:56.383  INFO 15848 --- [restartedMain] c.rabi.swagger.SpringSwaggerApplication  : No active profile set, falling back to default profiles: default
2020-08-02 14:53:57.005  INFO 15848 --- [restartedMain] .s.d.r.c.RepositoryConfigurationDelegate : Bootstrapping Spring Data repositories in DEFAULT mode.
2020-08-02 14:53:57.055  INFO 15848 --- [restartedMain] .s.d.r.c.RepositoryConfigurationDelegate : Finished Spring Data repository scanning in 50ms. Found 8 repository interfaces.
2020-08-02 14:53:57.205  INFO 15848 --- [restartedMain] trationDelegate$BeanPostProcessorChecker : Bean 'org.springframework.transaction.annotation.ProxyTransactionManagementConfiguration' of type [org.springframework.transaction.annotation.ProxyTransactionManagementConfiguration$$EnhancerBySpringCGLIB$$7d899515] is not eligible for getting processed by all BeanPostProcessors (for example: not eligible for auto-proxying)
2020-08-02 14:53:57.352  INFO 15848 --- [restartedMain] o.s.b.w.embedded.tomcat.TomcatWebServer  : Tomcat initialized with port(s): 9300 (http)
2020-08-02 14:53:57.353  INFO 15848 --- [restartedMain] o.apache.catalina.core.StandardService   : Starting service [Tomcat]
2020-08-02 14:53:57.353  INFO 15848 --- [restartedMain] org.apache.catalina.core.StandardEngine  : Starting Servlet engine: [Apache Tomcat/9.0.17]
2020-08-02 14:53:57.373  INFO 15848 --- [restartedMain] o.a.c.c.C.[Tomcat].[localhost].[/]       : Initializing Spring embedded WebApplicationContext
2020-08-02 14:53:57.373  INFO 15848 --- [restartedMain] o.s.web.context.ContextLoader            : Root WebApplicationContext: initialization completed in 990 ms
2020-08-02 14:53:57.415  INFO 15848 --- [restartedMain] com.zaxxer.hikari.HikariDataSource       : HikariPool-2 - Starting...
2020-08-02 14:53:57.419  INFO 15848 --- [restartedMain] com.zaxxer.hikari.HikariDataSource       : HikariPool-2 - Start completed.
2020-08-02 14:53:57.433  INFO 15848 --- [restartedMain] o.s.b.d.a.OptionalLiveReloadServer       : LiveReload server is running on port 35729
2020-08-02 14:53:57.473  INFO 15848 --- [restartedMain] o.hibernate.jpa.internal.util.LogHelper  : HHH000204: Processing PersistenceUnitInfo [
	name: default
	...]
2020-08-02 14:53:57.492  INFO 15848 --- [restartedMain] org.hibernate.dialect.Dialect            : HHH000400: Using dialect: org.hibernate.dialect.H2Dialect
2020-08-02 14:53:57.629  INFO 15848 --- [restartedMain] o.h.t.schema.internal.SchemaCreatorImpl  : HHH000476: Executing import script 'org.hibernate.tool.schema.internal.exec.ScriptSourceInputNonExistentImpl@6a3352f'
2020-08-02 14:53:57.629  INFO 15848 --- [restartedMain] j.LocalContainerEntityManagerFactoryBean : Initialized JPA EntityManagerFactory for persistence unit 'default'
2020-08-02 14:53:57.983  WARN 15848 --- [restartedMain] aWebConfiguration$JpaWebMvcConfiguration : spring.jpa.open-in-view is enabled by default. Therefore, database queries may be performed during view rendering. Explicitly configure spring.jpa.open-in-view to disable this warning
2020-08-02 14:53:58.123  INFO 15848 --- [restartedMain] o.s.s.concurrent.ThreadPoolTaskExecutor  : Initializing ExecutorService 'applicationTaskExecutor'
2020-08-02 14:53:58.213  INFO 15848 --- [restartedMain] d.s.w.p.DocumentationPluginsBootstrapper : Context refreshed
2020-08-02 14:53:58.214  INFO 15848 --- [restartedMain] d.s.w.p.DocumentationPluginsBootstrapper : Found 9 custom documentation plugin(s)
2020-08-02 14:53:58.214  INFO 15848 --- [restartedMain] s.d.s.w.s.ApiListingReferenceScanner     : Scanning for api listing references
2020-08-02 14:53:58.253  INFO 15848 --- [restartedMain] s.d.s.w.s.ApiListingReferenceScanner     : Scanning for api listing references
2020-08-02 14:53:58.283  INFO 15848 --- [restartedMain] s.d.s.w.s.ApiListingReferenceScanner     : Scanning for api listing references
2020-08-02 14:53:58.292  INFO 15848 --- [restartedMain] s.d.s.w.s.ApiListingReferenceScanner     : Scanning for api listing references
2020-08-02 14:53:58.296  INFO 15848 --- [restartedMain] s.d.s.w.s.ApiListingReferenceScanner     : Scanning for api listing references
2020-08-02 14:53:58.315  INFO 15848 --- [restartedMain] .d.s.w.r.o.CachingOperationNameGenerator : Generating unique operation named: saveReminderByUserIdUsingPOST_1
2020-08-02 14:53:58.331  INFO 15848 --- [restartedMain] s.d.s.w.s.ApiListingReferenceScanner     : Scanning for api listing references
2020-08-02 14:53:58.333  INFO 15848 --- [restartedMain] s.d.s.w.s.ApiListingReferenceScanner     : Scanning for api listing references
2020-08-02 14:53:58.353  INFO 15848 --- [restartedMain] s.d.s.w.s.ApiListingReferenceScanner     : Scanning for api listing references
2020-08-02 14:53:58.362  INFO 15848 --- [restartedMain] s.d.s.w.s.ApiListingReferenceScanner     : Scanning for api listing references
2020-08-02 14:53:58.373  INFO 15848 --- [restartedMain] o.s.b.w.embedded.tomcat.TomcatWebServer  : Tomcat started on port(s): 9300 (http) with context path ''
2020-08-02 14:53:58.381  INFO 15848 --- [restartedMain] c.rabi.swagger.SpringSwaggerApplication  : Started SpringSwaggerApplication in 2.026 seconds (JVM running for 596.377)
2020-08-02 14:53:58.385  INFO 15848 --- [restartedMain] .ConditionEvaluationDeltaLoggingListener : Condition evaluation unchanged
2020-08-02 14:55:21.953  INFO 15848 --- [http-nio-9300-exec-1] o.a.c.c.C.[Tomcat].[localhost].[/]       : Initializing Spring DispatcherServlet 'dispatcherServlet'
2020-08-02 14:55:21.954  INFO 15848 --- [http-nio-9300-exec-1] o.s.web.servlet.DispatcherServlet        : Initializing Servlet 'dispatcherServlet'
2020-08-02 14:55:21.965  INFO 15848 --- [http-nio-9300-exec-1] o.s.web.servlet.DispatcherServlet        : Completed initialization in 10 ms
2020-08-02 14:55:38.195  INFO 15848 --- [http-nio-9300-exec-7] c.r.swagger.aop.EmployeeServiceAspect    : Creating Employee with name - Piyush and id - 98
2020-08-02 14:55:38.199  INFO 15848 --- [http-nio-9300-exec-7] c.r.swagger.aop.EmployeeServiceAspect    : Successfully created Employee with name - Piyush and id - 98
2020-08-02 15:03:29.402  INFO 15848 --- [Thread-10] o.s.s.concurrent.ThreadPoolTaskExecutor  : Shutting down ExecutorService 'applicationTaskExecutor'
2020-08-02 15:03:29.408  INFO 15848 --- [Thread-10] j.LocalContainerEntityManagerFactoryBean : Closing JPA EntityManagerFactory for persistence unit 'default'
2020-08-02 15:03:29.409  INFO 15848 --- [Thread-10] .SchemaDropperImpl$DelayedDropActionImpl : HHH000477: Starting delayed evictData of schema as part of SessionFactory shut-down'
2020-08-02 15:03:29.413  INFO 15848 --- [Thread-10] o.s.b.f.support.DisposableBeanAdapter    : Invocation of destroy method failed on bean with name 'inMemoryDatabaseShutdownExecutor': org.h2.jdbc.JdbcSQLNonTransientConnectionException: Database is already closed (to disable automatic closing at VM shutdown, add ";DB_CLOSE_ON_EXIT=FALSE" to the db URL) [90121-199]
2020-08-02 15:03:29.413  INFO 15848 --- [Thread-10] com.zaxxer.hikari.HikariDataSource       : HikariPool-2 - Shutdown initiated...
2020-08-02 15:03:29.413  INFO 15848 --- [Thread-10] com.zaxxer.hikari.HikariDataSource       : HikariPool-2 - Shutdown completed.
2020-08-02 15:03:29.762  INFO 15848 --- [restartedMain] c.rabi.swagger.SpringSwaggerApplication  : Starting SpringSwaggerApplication on LAPTOP-3PARCRTL with PID 15848 (D:\WORKSAPCE\spring-boot-swagger\Spring-Swagger\target\classes started by rabi0 in D:\WORKSAPCE\spring-boot-swagger\Spring-Swagger)
2020-08-02 15:03:29.762  INFO 15848 --- [restartedMain] c.rabi.swagger.SpringSwaggerApplication  : No active profile set, falling back to default profiles: default
2020-08-02 15:03:30.246  INFO 15848 --- [restartedMain] .s.d.r.c.RepositoryConfigurationDelegate : Bootstrapping Spring Data repositories in DEFAULT mode.
2020-08-02 15:03:30.282  INFO 15848 --- [restartedMain] .s.d.r.c.RepositoryConfigurationDelegate : Finished Spring Data repository scanning in 36ms. Found 8 repository interfaces.
2020-08-02 15:03:30.346  INFO 15848 --- [restartedMain] trationDelegate$BeanPostProcessorChecker : Bean 'org.springframework.transaction.annotation.ProxyTransactionManagementConfiguration' of type [org.springframework.transaction.annotation.ProxyTransactionManagementConfiguration$$EnhancerBySpringCGLIB$$7d899515] is not eligible for getting processed by all BeanPostProcessors (for example: not eligible for auto-proxying)
2020-08-02 15:03:30.453  INFO 15848 --- [restartedMain] o.s.b.w.embedded.tomcat.TomcatWebServer  : Tomcat initialized with port(s): 9300 (http)
2020-08-02 15:03:30.458  INFO 15848 --- [restartedMain] o.apache.catalina.core.StandardService   : Starting service [Tomcat]
2020-08-02 15:03:30.459  INFO 15848 --- [restartedMain] org.apache.catalina.core.StandardEngine  : Starting Servlet engine: [Apache Tomcat/9.0.17]
2020-08-02 15:03:30.473  INFO 15848 --- [restartedMain] o.a.c.c.C.[Tomcat].[localhost].[/]       : Initializing Spring embedded WebApplicationContext
2020-08-02 15:03:30.473  INFO 15848 --- [restartedMain] o.s.web.context.ContextLoader            : Root WebApplicationContext: initialization completed in 706 ms
2020-08-02 15:03:30.522  INFO 15848 --- [restartedMain] com.zaxxer.hikari.HikariDataSource       : HikariPool-3 - Starting...
2020-08-02 15:03:30.523  INFO 15848 --- [restartedMain] com.zaxxer.hikari.HikariDataSource       : HikariPool-3 - Start completed.
2020-08-02 15:03:30.536  INFO 15848 --- [restartedMain] o.s.b.d.a.OptionalLiveReloadServer       : LiveReload server is running on port 35729
2020-08-02 15:03:30.573  INFO 15848 --- [restartedMain] o.hibernate.jpa.internal.util.LogHelper  : HHH000204: Processing PersistenceUnitInfo [
	name: default
	...]
2020-08-02 15:03:30.583  INFO 15848 --- [restartedMain] org.hibernate.dialect.Dialect            : HHH000400: Using dialect: org.hibernate.dialect.H2Dialect
2020-08-02 15:03:30.692  INFO 15848 --- [restartedMain] o.h.t.schema.internal.SchemaCreatorImpl  : HHH000476: Executing import script 'org.hibernate.tool.schema.internal.exec.ScriptSourceInputNonExistentImpl@6a3352f'
2020-08-02 15:03:30.692  INFO 15848 --- [restartedMain] j.LocalContainerEntityManagerFactoryBean : Initialized JPA EntityManagerFactory for persistence unit 'default'
2020-08-02 15:03:30.995  WARN 15848 --- [restartedMain] aWebConfiguration$JpaWebMvcConfiguration : spring.jpa.open-in-view is enabled by default. Therefore, database queries may be performed during view rendering. Explicitly configure spring.jpa.open-in-view to disable this warning
2020-08-02 15:03:31.103  INFO 15848 --- [restartedMain] o.s.s.concurrent.ThreadPoolTaskExecutor  : Initializing ExecutorService 'applicationTaskExecutor'
2020-08-02 15:03:31.183  INFO 15848 --- [restartedMain] d.s.w.p.DocumentationPluginsBootstrapper : Context refreshed
2020-08-02 15:03:31.183  INFO 15848 --- [restartedMain] d.s.w.p.DocumentationPluginsBootstrapper : Found 9 custom documentation plugin(s)
2020-08-02 15:03:31.193  INFO 15848 --- [restartedMain] s.d.s.w.s.ApiListingReferenceScanner     : Scanning for api listing references
2020-08-02 15:03:31.234  INFO 15848 --- [restartedMain] s.d.s.w.s.ApiListingReferenceScanner     : Scanning for api listing references
2020-08-02 15:03:31.265  INFO 15848 --- [restartedMain] s.d.s.w.s.ApiListingReferenceScanner     : Scanning for api listing references
2020-08-02 15:03:31.273  INFO 15848 --- [restartedMain] s.d.s.w.s.ApiListingReferenceScanner     : Scanning for api listing references
2020-08-02 15:03:31.275  INFO 15848 --- [restartedMain] s.d.s.w.s.ApiListingReferenceScanner     : Scanning for api listing references
2020-08-02 15:03:31.305  INFO 15848 --- [restartedMain] .d.s.w.r.o.CachingOperationNameGenerator : Generating unique operation named: saveReminderByUserIdUsingPOST_1
2020-08-02 15:03:31.314  INFO 15848 --- [restartedMain] s.d.s.w.s.ApiListingReferenceScanner     : Scanning for api listing references
2020-08-02 15:03:31.315  INFO 15848 --- [restartedMain] s.d.s.w.s.ApiListingReferenceScanner     : Scanning for api listing references
2020-08-02 15:03:31.336  INFO 15848 --- [restartedMain] s.d.s.w.s.ApiListingReferenceScanner     : Scanning for api listing references
2020-08-02 15:03:31.342  INFO 15848 --- [restartedMain] s.d.s.w.s.ApiListingReferenceScanner     : Scanning for api listing references
2020-08-02 15:03:31.353  INFO 15848 --- [restartedMain] o.s.b.w.embedded.tomcat.TomcatWebServer  : Tomcat started on port(s): 9300 (http) with context path ''
2020-08-02 15:03:31.353  INFO 15848 --- [restartedMain] c.rabi.swagger.SpringSwaggerApplication  : Started SpringSwaggerApplication in 1.62 seconds (JVM running for 1169.353)
2020-08-02 15:03:31.353  INFO 15848 --- [restartedMain] .ConditionEvaluationDeltaLoggingListener : Condition evaluation unchanged
